	.data
	.align	2
	.globl	class_nameTab
	.globl	Main_protObj
	.globl	Int_protObj
	.globl	String_protObj
	.globl	bool_const0
	.globl	bool_const1
	.globl	_int_tag
	.globl	_bool_tag
	.globl	_string_tag
_int_tag:
	.word	1
_bool_tag:
	.word	2
_string_tag:
	.word	0
	.globl	_MemMgr_INITIALIZER
_MemMgr_INITIALIZER:
	.word	_NoGC_Init
	.globl	_MemMgr_COLLECTOR
_MemMgr_COLLECTOR:
	.word	_NoGC_Collect
	.globl	_MemMgr_TEST
_MemMgr_TEST:
	.word	0
	.word	-1
str_const11:
	.word	0
	.word	5
	.word	String_dispTab
	.word	int_const4
	.byte	0	
	.align	2
	.word	-1
str_const10:
	.word	0
	.word	6
	.word	String_dispTab
	.word	int_const1
	.ascii	"Main"
	.byte	0	
	.align	2
	.word	-1
str_const9:
	.word	0
	.word	6
	.word	String_dispTab
	.word	int_const6
	.ascii	"String"
	.byte	0	
	.align	2
	.word	-1
str_const8:
	.word	0
	.word	6
	.word	String_dispTab
	.word	int_const1
	.ascii	"Bool"
	.byte	0	
	.align	2
	.word	-1
str_const7:
	.word	0
	.word	5
	.word	String_dispTab
	.word	int_const0
	.ascii	"Int"
	.byte	0	
	.align	2
	.word	-1
str_const6:
	.word	0
	.word	5
	.word	String_dispTab
	.word	int_const5
	.ascii	"IO"
	.byte	0	
	.align	2
	.word	-1
str_const5:
	.word	0
	.word	6
	.word	String_dispTab
	.word	int_const6
	.ascii	"Object"
	.byte	0	
	.align	2
	.word	-1
str_const4:
	.word	0
	.word	7
	.word	String_dispTab
	.word	int_const7
	.ascii	"_prim_slot"
	.byte	0	
	.align	2
	.word	-1
str_const3:
	.word	0
	.word	7
	.word	String_dispTab
	.word	int_const8
	.ascii	"SELF_TYPE"
	.byte	0	
	.align	2
	.word	-1
str_const2:
	.word	0
	.word	7
	.word	String_dispTab
	.word	int_const8
	.ascii	"_no_class"
	.byte	0	
	.align	2
	.word	-1
str_const1:
	.word	0
	.word	8
	.word	String_dispTab
	.word	int_const9
	.ascii	"<basic class>"
	.byte	0	
	.align	2
	.word	-1
str_const0:
	.word	0
	.word	9
	.word	String_dispTab
	.word	int_const10
	.ascii	"tests/checkpoint.cl"
	.byte	0	
	.align	2
	.word	-1
int_const10:
	.word	1
	.word	4
	.word	Int_dispTab
	.word	19
	.word	-1
int_const9:
	.word	1
	.word	4
	.word	Int_dispTab
	.word	13
	.word	-1
int_const8:
	.word	1
	.word	4
	.word	Int_dispTab
	.word	9
	.word	-1
int_const7:
	.word	1
	.word	4
	.word	Int_dispTab
	.word	10
	.word	-1
int_const6:
	.word	1
	.word	4
	.word	Int_dispTab
	.word	6
	.word	-1
int_const5:
	.word	1
	.word	4
	.word	Int_dispTab
	.word	2
	.word	-1
int_const4:
	.word	1
	.word	4
	.word	Int_dispTab
	.word	0
	.word	-1
int_const3:
	.word	1
	.word	4
	.word	Int_dispTab
	.word	1
	.word	-1
int_const2:
	.word	1
	.word	4
	.word	Int_dispTab
	.word	8
	.word	-1
int_const1:
	.word	1
	.word	4
	.word	Int_dispTab
	.word	4
	.word	-1
int_const0:
	.word	1
	.word	4
	.word	Int_dispTab
	.word	3
	.word	-1
bool_const0:
	.word	2
	.word	4
	.word	Bool_dispTab
	.word	0
	.word	-1
bool_const1:
	.word	2
	.word	4
	.word	Bool_dispTab
	.word	1
class_nameTab:
	.word	str_const3
	.word	str_const1
	.word	str_const7
	.word	str_const8
	.word	str_const21
	.word	str_const0
class_objTab:
	.word	Object_protObj
	.word	Object_init
	.word	IO_protObj
	.word	IO_init
	.word	Int_protObj
	.word	Int_init
	.word	Bool_protObj
	.word	Bool_init
	.word	String_protObj
	.word	String_init
	.word	Main_protObj
	.word	Main_init
Object_dispTab:
	.word	Object.copy
	.word	Object.type_name
	.word	Object.abort
IO_dispTab:
	.word	Object.copy
	.word	Object.type_name
	.word	Object.abort
	.word	IO.in_int
	.word	IO.in_string
	.word	IO.out_int
	.word	IO.out_string
Int_dispTab:
	.word	Object.copy
	.word	Object.type_name
	.word	Object.abort
Bool_dispTab:
	.word	Object.copy
	.word	Object.type_name
	.word	Object.abort
String_dispTab:
	.word	Object.copy
	.word	Object.type_name
	.word	Object.abort
	.word	String.substr
	.word	String.concat
	.word	String.length
Main_dispTab:
	.word	Object.copy
	.word	Object.type_name
	.word	Object.abort
	.word	IO.in_int
	.word	IO.in_string
	.word	IO.out_int
	.word	IO.out_string
	.word	Main.main
	.word	-1
Object_protObj:
	.word	0
	.word	3
	.word	Object_dispTab
	.word	-1
IO_protObj:
	.word	1
	.word	3
	.word	IO_dispTab
	.word	-1
Int_protObj:
	.word	2
	.word	4
	.word	Int_dispTab
	.word	0
	.word	-1
Bool_protObj:
	.word	3
	.word	4
	.word	Bool_dispTab
	.word	0
	.word	-1
String_protObj:
	.word	4
	.word	5
	.word	String_dispTab
	.word	int_const4
	.word	0
	.word	-1
Main_protObj:
	.word	5
	.word	3
	.word	Main_dispTab
	.globl	heap_start
heap_start:
	.word	0
	.text
	.globl	Main_init
	.globl	Int_init
	.globl	String_init
	.globl	Bool_init
	.globl	Main.main
Object_init:
	addiu	$sp $sp -12
	sw	$fp 12($sp)
	sw	$s0 8($sp)
	sw	$ra 4($sp)
	addiu	$fp $sp 16
	move	$s0 $a0
	move	$a0 $s0
	lw	$fp 12($sp)
	lw	$s0 8($sp)
	lw	$ra 4($sp)
	addiu	$sp $sp 12
	jr	$ra	
IO_init:
	addiu	$sp $sp -12
	sw	$fp 12($sp)
	sw	$s0 8($sp)
	sw	$ra 4($sp)
	addiu	$fp $sp 16
	move	$s0 $a0
	jal	Object_init
	move	$a0 $s0
	lw	$fp 12($sp)
	lw	$s0 8($sp)
	lw	$ra 4($sp)
	addiu	$sp $sp 12
	jr	$ra	
Int_init:
	addiu	$sp $sp -12
	sw	$fp 12($sp)
	sw	$s0 8($sp)
	sw	$ra 4($sp)
	addiu	$fp $sp 16
	move	$s0 $a0
	jal	Object_init
	move	$a0 $s0
	lw	$fp 12($sp)
	lw	$s0 8($sp)
	lw	$ra 4($sp)
	addiu	$sp $sp 12
	jr	$ra	
Bool_init:
	addiu	$sp $sp -12
	sw	$fp 12($sp)
	sw	$s0 8($sp)
	sw	$ra 4($sp)
	addiu	$fp $sp 16
	move	$s0 $a0
	jal	Object_init
	move	$a0 $s0
	lw	$fp 12($sp)
	lw	$s0 8($sp)
	lw	$ra 4($sp)
	addiu	$sp $sp 12
	jr	$ra	
String_init:
	addiu	$sp $sp -12
	sw	$fp 12($sp)
	sw	$s0 8($sp)
	sw	$ra 4($sp)
	addiu	$fp $sp 16
	move	$s0 $a0
	jal	Object_init
	move	$a0 $s0
	lw	$fp 12($sp)
	lw	$s0 8($sp)
	lw	$ra 4($sp)
	addiu	$sp $sp 12
	jr	$ra	
Main_init:
	addiu	$sp $sp -12
	sw	$fp 12($sp)
	sw	$s0 8($sp)
	sw	$ra 4($sp)
	addiu	$fp $sp 16
	move	$s0 $a0
	jal	IO_init
	move	$a0 $s0
	lw	$fp 12($sp)
	lw	$s0 8($sp)
	lw	$ra 4($sp)
	addiu	$sp $sp 12
	jr	$ra	
Object.abort:
	addiu	$sp $sp -20
	sw	$fp 12($sp)
	sw	$s0 8($sp)
	sw	$ra 4($sp)
	addiu	$fp $sp 16
	move	$s0 $a0
	lw	$fp 12($sp)
	lw	$s0 8($sp)
	lw	$ra 4($sp)
	addiu	$sp $sp 20
	jalr	$ra
#0
_no_expr
: _no_type
Object.type_name:
	addiu	$sp $sp -20
	sw	$fp 12($sp)
	sw	$s0 8($sp)
	sw	$ra 4($sp)
	addiu	$fp $sp 16
	move	$s0 $a0
	lw	$fp 12($sp)
	lw	$s0 8($sp)
	lw	$ra 4($sp)
	addiu	$sp $sp 20
	jalr	$ra
#0
_no_expr
: _no_type
Object.copy:
	addiu	$sp $sp -20
	sw	$fp 12($sp)
	sw	$s0 8($sp)
	sw	$ra 4($sp)
	addiu	$fp $sp 16
	move	$s0 $a0
	lw	$fp 12($sp)
	lw	$s0 8($sp)
	lw	$ra 4($sp)
	addiu	$sp $sp 20
	jalr	$ra
#0
_no_expr
: _no_type
IO.out_string:
	addiu	$sp $sp -20
	sw	$fp 12($sp)
	sw	$s0 8($sp)
	sw	$ra 4($sp)
	addiu	$fp $sp 16
	move	$s0 $a0
	lw	$fp 12($sp)
	lw	$s0 8($sp)
	lw	$ra 4($sp)
	addiu	$sp $sp 20
	jalr	$ra
#0
_no_expr
: _no_type
IO.out_int:
	addiu	$sp $sp -20
	sw	$fp 12($sp)
	sw	$s0 8($sp)
	sw	$ra 4($sp)
	addiu	$fp $sp 16
	move	$s0 $a0
	lw	$fp 12($sp)
	lw	$s0 8($sp)
	lw	$ra 4($sp)
	addiu	$sp $sp 20
	jalr	$ra
#0
_no_expr
: _no_type
IO.in_string:
	addiu	$sp $sp -20
	sw	$fp 12($sp)
	sw	$s0 8($sp)
	sw	$ra 4($sp)
	addiu	$fp $sp 16
	move	$s0 $a0
	lw	$fp 12($sp)
	lw	$s0 8($sp)
	lw	$ra 4($sp)
	addiu	$sp $sp 20
	jalr	$ra
#0
_no_expr
: _no_type
IO.in_int:
	addiu	$sp $sp -20
	sw	$fp 12($sp)
	sw	$s0 8($sp)
	sw	$ra 4($sp)
	addiu	$fp $sp 16
	move	$s0 $a0
	lw	$fp 12($sp)
	lw	$s0 8($sp)
	lw	$ra 4($sp)
	addiu	$sp $sp 20
	jalr	$ra
#0
_no_expr
: _no_type
String.length:
	addiu	$sp $sp -20
	sw	$fp 12($sp)
	sw	$s0 8($sp)
	sw	$ra 4($sp)
	addiu	$fp $sp 16
	move	$s0 $a0
	lw	$fp 12($sp)
	lw	$s0 8($sp)
	lw	$ra 4($sp)
	addiu	$sp $sp 20
	jalr	$ra
#0
_no_expr
: _no_type
String.concat:
	addiu	$sp $sp -20
	sw	$fp 12($sp)
	sw	$s0 8($sp)
	sw	$ra 4($sp)
	addiu	$fp $sp 16
	move	$s0 $a0
	lw	$fp 12($sp)
	lw	$s0 8($sp)
	lw	$ra 4($sp)
	addiu	$sp $sp 20
	jalr	$ra
#0
_no_expr
: _no_type
String.substr:
	addiu	$sp $sp -20
	sw	$fp 12($sp)
	sw	$s0 8($sp)
	sw	$ra 4($sp)
	addiu	$fp $sp 16
	move	$s0 $a0
	lw	$fp 12($sp)
	lw	$s0 8($sp)
	lw	$ra 4($sp)
	addiu	$sp $sp 20
	jalr	$ra
#0
_no_expr
: _no_type
Main.main:
	addiu	$sp $sp -20
	sw	$fp 12($sp)
	sw	$s0 8($sp)
	sw	$ra 4($sp)
	addiu	$fp $sp 16
	move	$s0 $a0
	sw	$a0 0($sp)
	addiu	$sp $sp -4
	la	$a0 int_const5
	lw	$t1 16($sp)
	add	$a0 $t1 $a0
	addiu	$sp $sp 4
	lw	$fp 12($sp)
	lw	$s0 8($sp)
	lw	$ra 4($sp)
	addiu	$sp $sp 20
	jalr	$ra
#11
_dispatch
  #11
  _object
    self
  : SELF_TYPE
  out_int
  (
  #10
  _plus
    #9
    _cond
      #5
      _eq
        #4
        _mul
          #4
          _int
            3
          : Int
          #4
          _int
            4
          : Int
        : Int
        #5
        _int
          8
        : Int
      : Bool
      #7
      _int
        1
      : Int
      #9
      _int
        0
      : Int
    : Int
    #10
    _int
      2
    : Int
  : Int
  )
: SELF_TYPE
